<?xml version="1.0" encoding="UTF-8"?>
<testng-results ignored="0" total="2" passed="1" failed="1" skipped="0">
  <reporter-output>
  </reporter-output>
  <suite started-at="2020-05-10T06:27:02 IST" name="Suite" finished-at="2020-05-10T06:27:30 IST" duration-ms="28769">
    <groups>
    </groups>
    <test started-at="2020-05-10T06:27:02 IST" name="Test" finished-at="2020-05-10T06:27:23 IST" duration-ms="21604">
      <class name="Framework.backendLoginTest">
        <test-method is-config="true" signature="InIt()[pri:0, instance:Framework.backendLoginTest@792b749c]" started-at="2020-05-10T06:27:02 IST" name="InIt" finished-at="2020-05-10T06:27:21 IST" duration-ms="19476" status="PASS">
          <reporter-output>
          </reporter-output>
        </test-method> <!-- InIt -->
        <test-method signature="backendLogin(java.lang.String, java.lang.String)[pri:0, instance:Framework.backendLoginTest@792b749c]" started-at="2020-05-10T06:27:21 IST" name="backendLogin" data-provider="LoginData" finished-at="2020-05-10T06:27:21 IST" duration-ms="66" status="FAIL">
          <params>
            <param index="0">
              <value>
                <![CDATA[admin]]>
              </value>
            </param>
            <param index="1">
              <value>
                <![CDATA[i95devteam]]>
              </value>
            </param>
          </params>
          <exception class="java.lang.AssertionError">
            <full-stacktrace>
              <![CDATA[java.lang.AssertionError
at org.junit.Assert.fail(Assert.java:86)
at org.junit.Assert.assertTrue(Assert.java:41)
at org.junit.Assert.assertFalse(Assert.java:64)
at org.junit.Assert.assertFalse(Assert.java:74)
at Framework.backendLoginTest.backendLogin(backendLoginTest.java:31)
at java.base/jdk.internal.reflect.NativeMethodAccessorImpl.invoke0(Native Method)
at java.base/jdk.internal.reflect.NativeMethodAccessorImpl.invoke(NativeMethodAccessorImpl.java:62)
at java.base/jdk.internal.reflect.DelegatingMethodAccessorImpl.invoke(DelegatingMethodAccessorImpl.java:43)
at java.base/java.lang.reflect.Method.invoke(Method.java:566)
at org.testng.internal.MethodInvocationHelper.invokeMethod(MethodInvocationHelper.java:134)
at org.testng.internal.TestInvoker.invokeMethod(TestInvoker.java:597)
at org.testng.internal.TestInvoker.invokeTestMethod(TestInvoker.java:173)
at org.testng.internal.MethodRunner.runInSequence(MethodRunner.java:46)
at org.testng.internal.TestInvoker$MethodInvocationAgent.invoke(TestInvoker.java:816)
at org.testng.internal.TestInvoker.invokeTestMethods(TestInvoker.java:146)
at org.testng.internal.TestMethodWorker.invokeTestMethods(TestMethodWorker.java:146)
at org.testng.internal.TestMethodWorker.run(TestMethodWorker.java:128)
at java.base/java.util.ArrayList.forEach(ArrayList.java:1540)
at org.testng.TestRunner.privateRun(TestRunner.java:766)
at org.testng.TestRunner.run(TestRunner.java:587)
at org.testng.SuiteRunner.runTest(SuiteRunner.java:384)
at org.testng.SuiteRunner.access$000(SuiteRunner.java:28)
at org.testng.SuiteRunner$SuiteWorker.run(SuiteRunner.java:425)
at org.testng.internal.thread.ThreadUtil.lambda$execute$0(ThreadUtil.java:68)
at java.base/java.util.concurrent.FutureTask.run(FutureTask.java:264)
at java.base/java.util.concurrent.ThreadPoolExecutor.runWorker(ThreadPoolExecutor.java:1128)
at java.base/java.util.concurrent.ThreadPoolExecutor$Worker.run(ThreadPoolExecutor.java:628)
at java.base/java.lang.Thread.run(Thread.java:834)
]]>
            </full-stacktrace>
          </exception> <!-- java.lang.AssertionError -->
          <reporter-output>
          </reporter-output>
        </test-method> <!-- backendLogin -->
        <test-method is-config="true" signature="tearDown()[pri:0, instance:Framework.backendLoginTest@792b749c]" started-at="2020-05-10T06:27:22 IST" name="tearDown" finished-at="2020-05-10T06:27:23 IST" duration-ms="1288" status="PASS">
          <reporter-output>
          </reporter-output>
        </test-method> <!-- tearDown -->
      </class> <!-- Framework.backendLoginTest -->
    </test> <!-- Test -->
    <test started-at="2020-05-10T06:27:02 IST" name="Test2" finished-at="2020-05-10T06:27:30 IST" duration-ms="28769">
      <class name="Framework.frontEndLoginTest">
        <test-method is-config="true" signature="InIt()[pri:0, instance:Framework.frontEndLoginTest@4007f65e]" started-at="2020-05-10T06:27:02 IST" name="InIt" finished-at="2020-05-10T06:27:19 IST" duration-ms="17222" status="PASS">
          <reporter-output>
          </reporter-output>
        </test-method> <!-- InIt -->
        <test-method signature="frontEndLogin()[pri:0, instance:Framework.frontEndLoginTest@4007f65e]" started-at="2020-05-10T06:27:19 IST" name="frontEndLogin" finished-at="2020-05-10T06:27:28 IST" duration-ms="9423" status="PASS">
          <reporter-output>
          </reporter-output>
        </test-method> <!-- frontEndLogin -->
        <test-method is-config="true" signature="tearDown()[pri:0, instance:Framework.frontEndLoginTest@4007f65e]" started-at="2020-05-10T06:27:28 IST" name="tearDown" finished-at="2020-05-10T06:27:30 IST" duration-ms="2089" status="PASS">
          <reporter-output>
          </reporter-output>
        </test-method> <!-- tearDown -->
      </class> <!-- Framework.frontEndLoginTest -->
    </test> <!-- Test2 -->
  </suite> <!-- Suite -->
</testng-results>
